13/07/2023 17:39:20 - 	User FRONT-END logado no sistema.
13/07/2023 17:51:04 - 	User FRONT-END logado no sistema.
13/07/2023 17:56:57 - 	User FRONT-END logado no sistema.
13/07/2023 17:59:22 - 	User FRONT-END logado no sistema.
13/07/2023 18:02:07 - 	User FRONT-END logado no sistema.
13/07/2023 18:09:29 - 	User FRONT-END logado no sistema.
13/07/2023 18:13:52 - 	User FRONT-END logado no sistema.
13/07/2023 18:16:45 - 	User FRONT-END logado no sistema.
13/07/2023 18:19:10 - 	User FRONT-END logado no sistema.
13/07/2023 18:20:55 - 	User FRONT-END logado no sistema.
13/07/2023 18:26:49 - 	User FRONT-END logado no sistema.
13/07/2023 18:32:43 - 	User FRONT-END logado no sistema.
13/07/2023 18:34:05 - 	User FRONT-END logado no sistema.
06/09/2023 10:36:12 - 	User FRONT-END logado no sistema.
06/09/2023 10:45:08 - 	User FRONT-END logado no sistema.
06/09/2023 11:08:06 - 	User FRONT-END logado no sistema.
06/09/2023 11:12:48 - 	User FRONT-END logado no sistema.
06/09/2023 11:14:31 - 	User FRONT-END logado no sistema.
06/09/2023 11:44:57 - 	User FRONT-END logado no sistema.
06/09/2023 11:50:41 - 	User FRONT-END logado no sistema.
06/09/2023 12:22:34 - 	User FRONT-END logado no sistema.
08/09/2023 11:08:56 - 	User FRONT-END logado no sistema.
12/09/2023 10:19:29 - 	User FRONT-END logado no sistema.
12/09/2023 10:54:20 - 	User FRONT-END logado no sistema.
12/09/2023 11:28:19 - 	User FRONT-END logado no sistema.
12/09/2023 11:37:26 - 	User FRONT-END logado no sistema.
12/09/2023 12:08:39 - 	uncaughtException: Cannot read properties of undefined (reading 'webContents')
TypeError: Cannot read properties of undefined (reading 'webContents')
    at sumMyFilaList (C:\Users\FRONT-END\Desktop\GitHub Cleveriano\s3\s3-client\build\main.js:68:9)
    at Socket.<anonymous> (C:\Users\FRONT-END\Desktop\GitHub Cleveriano\s3\s3-client\build\main.js:57:14)
    at Socket.emit (node:events:394:28)
    at UDP.onMessage [as onmessage] (node:dgram:931:8)
15/09/2023 10:32:29 - 	uncaughtException: Expected options object to contain a 'url' string property in setFeedUrl call
Error: Expected options object to contain a 'url' string property in setFeedUrl call
    at AutoUpdater.setFeedURL (node:electron/js2c/browser_init:17:719)
    at Object.<anonymous> (C:\Users\FRONT-END\Desktop\GitHub Cleveriano\s3\s3-client\build\main.js:23:23)
    at Module._compile (node:internal/modules/cjs/loader:1116:14)
    at Object.Module._extensions..js (node:internal/modules/cjs/loader:1169:10)
    at Module.load (node:internal/modules/cjs/loader:988:32)
    at Module._load (node:internal/modules/cjs/loader:829:12)
    at Function.c._load (node:electron/js2c/asar_bundle:5:13331)
    at loadApplicationPackage (C:\Users\FRONT-END\Desktop\GitHub Cleveriano\s3\s3-client\node_modules\electron\dist\resources\default_app.asar\main.js:110:16)
    at Object.<anonymous> (C:\Users\FRONT-END\Desktop\GitHub Cleveriano\s3\s3-client\node_modules\electron\dist\resources\default_app.asar\main.js:222:9)
    at Module._compile (node:internal/modules/cjs/loader:1116:14)
15/09/2023 10:47:16 - 	uncaughtException: Can not find Squirrel
Error: Can not find Squirrel
    at AutoUpdater.checkForUpdates (node:electron/js2c/browser_init:17:1405)
    at App.<anonymous> (C:\Users\FRONT-END\Desktop\GitHub Cleveriano\s3\s3-client\build\main.js:27:25)
    at App.emit (node:events:394:28)
15/09/2023 11:06:50 - 	uncaughtException: Can not find Squirrel
Error: Can not find Squirrel
    at AutoUpdater.checkForUpdates (node:electron/js2c/browser_init:17:1405)
    at App.<anonymous> (C:\Users\FRONT-END\Desktop\GitHub Cleveriano\s3\s3-client\build\main.js:27:25)
    at App.emit (node:events:394:28)
15/09/2023 11:08:46 - 	uncaughtException: Can not find Squirrel
Error: Can not find Squirrel
    at AutoUpdater.checkForUpdates (node:electron/js2c/browser_init:17:1405)
    at App.<anonymous> (C:\Users\FRONT-END\Desktop\GitHub Cleveriano\s3\s3-client\build\main.js:27:25)
    at App.emit (node:events:394:28)
15/09/2023 11:09:18 - 	User FRONT-END logado no sistema.
15/09/2023 11:12:43 - 	User FRONT-END logado no sistema.
22/09/2023 09:55:43 - 	User FRONT-END logado no sistema.
22/09/2023 11:27:28 - 	User FRONT-END logado no sistema.
22/09/2023 12:22:55 - 	User FRONT-END logado no sistema.
22/09/2023 12:32:33 - 	User FRONT-END logado no sistema.
26/09/2023 11:42:38 - 	uncaughtException: Not running
Error [ERR_SOCKET_DGRAM_NOT_RUNNING]: Not running
    at new NodeError (node:internal/errors:371:5)
    at healthCheck (node:dgram:909:11)
    at Socket.close (node:dgram:741:3)
    at Socket.<anonymous> (C:\Users\FRONT-END\Desktop\GitHub Cleveriano\s3\s3-client\build\main.js:414:14)
    at Socket.emit (node:events:406:35)
    at UDP.onMessage [as onmessage] (node:dgram:931:8)
26/09/2023 11:43:51 - 	User FRONT-END logado no sistema.
26/09/2023 11:52:28 - 	User FRONT-END logado no sistema.
27/09/2023 10:01:46 - 	User FRONT-END logado no sistema.
27/09/2023 10:05:05 - 	User FRONT-END logado no sistema.
27/09/2023 10:26:07 - 	User FRONT-END logado no sistema.
27/09/2023 11:01:10 - 	User FRONT-END logado no sistema.
27/09/2023 11:29:45 - 	User FRONT-END logado no sistema.
27/09/2023 11:43:25 - 	User FRONT-END logado no sistema.
27/09/2023 11:48:39 - 	User FRONT-END logado no sistema.
27/09/2023 12:05:11 - 	User FRONT-END logado no sistema.
27/09/2023 12:16:48 - 	User FRONT-END logado no sistema.
27/09/2023 12:21:37 - 	User FRONT-END logado no sistema.
27/09/2023 12:24:28 - 	User FRONT-END logado no sistema.
27/09/2023 12:32:48 - 	User FRONT-END logado no sistema.
27/09/2023 12:54:48 - 	User FRONT-END logado no sistema.
29/09/2023 09:35:59 - 	User FRONT-END logado no sistema.
29/09/2023 09:38:48 - 	User FRONT-END logado no sistema.
29/09/2023 10:22:57 - 	User FRONT-END logado no sistema.
29/09/2023 10:34:52 - 	User FRONT-END logado no sistema.
02/10/2023 09:50:39 - 	uncaughtException: Not running
Error [ERR_SOCKET_DGRAM_NOT_RUNNING]: Not running
    at new NodeError (node:internal/errors:371:5)
    at healthCheck (node:dgram:909:11)
    at Socket.close (node:dgram:741:3)
    at Socket.<anonymous> (C:\Users\FRONT-END\Desktop\GitHub Cleveriano\s3\s3-client\build\main.js:476:14)
    at Socket.emit (node:events:406:35)
    at UDP.onMessage [as onmessage] (node:dgram:931:8)
02/10/2023 09:52:36 - 	User FRONT-END logado no sistema.
02/10/2023 10:26:04 - 	User FRONT-END logado no sistema.
02/10/2023 10:26:39 - 	User FRONT-END logado no sistema.
02/10/2023 10:53:38 - 	User FRONT-END logado no sistema.
02/10/2023 11:16:40 - 	User FRONT-END logado no sistema.
02/10/2023 11:34:43 - 	User FRONT-END logado no sistema.
02/10/2023 13:06:48 - 	User FRONT-END logado no sistema.
03/10/2023 10:20:38 - 	User FRONT-END logado no sistema.
03/10/2023 11:05:58 - 	User FRONT-END logado no sistema.
03/10/2023 11:14:36 - 	User FRONT-END logado no sistema.
03/10/2023 11:36:02 - 	User FRONT-END logado no sistema.
03/10/2023 11:43:47 - 	User FRONT-END logado no sistema.
03/10/2023 11:59:02 - 	User FRONT-END logado no sistema.
03/10/2023 12:00:35 - 	uncaughtException: url is not defined
ReferenceError: url is not defined
    at Object.<anonymous> (C:\Users\FRONT-END\Desktop\GitHub Cleveriano\s3\s3-client\build\main.js:29:56)
    at Module._compile (node:internal/modules/cjs/loader:1271:14)
    at Object..js (node:internal/modules/cjs/loader:1326:10)
    at Module.load (node:internal/modules/cjs/loader:1126:32)
    at node:internal/modules/cjs/loader:967:12
    at Function._load (node:electron/js2c/asar_bundle:2:13327)
    at loadApplicationPackage (C:\Users\FRONT-END\Desktop\GitHub Cleveriano\s3\s3-client\node_modules\electron\dist\resources\default_app.asar\main.js:121:16)
    at Object.<anonymous> (C:\Users\FRONT-END\Desktop\GitHub Cleveriano\s3\s3-client\node_modules\electron\dist\resources\default_app.asar\main.js:233:9)
    at Module._compile (node:internal/modules/cjs/loader:1271:14)
    at Object..js (node:internal/modules/cjs/loader:1326:10)
03/10/2023 12:02:07 - 	User FRONT-END logado no sistema.
03/10/2023 12:13:55 - 	User FRONT-END logado no sistema.
03/10/2023 12:15:51 - 	User FRONT-END logado no sistema.
03/10/2023 21:37:18 - 	User FRONT-END logado no sistema.
31/10/2023 11:10:29 - 	User FRONT-END logado no sistema.
31/10/2023 11:21:31 - 	User FRONT-END logado no sistema.
31/10/2023 12:00:17 - 	User FRONT-END logado no sistema.
31/10/2023 12:21:56 - 	User FRONT-END logado no sistema.
31/10/2023 12:32:22 - 	User FRONT-END logado no sistema.
31/10/2023 13:31:14 - 	User FRONT-END logado no sistema.
01/11/2023 11:25:44 - 	User FRONT-END logado no sistema.
01/11/2023 11:40:10 - 	User FRONT-END logado no sistema.
05/11/2023 19:42:13 - 	User FRONT-END logado no sistema.
05/11/2023 19:54:13 - 	User FRONT-END logado no sistema.
05/11/2023 20:38:57 - 	User FRONT-END logado no sistema.
05/11/2023 20:56:02 - 	User FRONT-END logado no sistema.
07/11/2023 14:49:15 - 	User FRONT-END logado no sistema.
07/11/2023 16:05:12 - 	User FRONT-END logado no sistema.
07/11/2023 16:20:19 - 	uncaughtException: Cannot read properties of undefined (reading 'webContents')
TypeError: Cannot read properties of undefined (reading 'webContents')
    at sumMyFilaList (C:\Users\FRONT-~1\AppData\Local\Temp\2WG56QJtkMxUHcEqOqfY7rRk8VO\resources\app.asar\build\main.js:108:9)
    at Socket.<anonymous> (C:\Users\FRONT-~1\AppData\Local\Temp\2WG56QJtkMxUHcEqOqfY7rRk8VO\resources\app.asar\build\main.js:97:14)
    at Socket.emit (node:events:513:28)
    at UDP.onMessage [as onmessage] (node:dgram:933:8)
07/11/2023 16:21:58 - 	User FRONT-END logado no sistema.
07/11/2023 16:27:17 - 	User FRONT-END logado no sistema.
