12/09/2023 12:08:39 - 	uncaughtException: Cannot read properties of undefined (reading 'webContents')
TypeError: Cannot read properties of undefined (reading 'webContents')
    at sumMyFilaList (C:\Users\FRONT-END\Desktop\GitHub Cleveriano\s3\s3-client\build\main.js:68:9)
    at Socket.<anonymous> (C:\Users\FRONT-END\Desktop\GitHub Cleveriano\s3\s3-client\build\main.js:57:14)
    at Socket.emit (node:events:394:28)
    at UDP.onMessage [as onmessage] (node:dgram:931:8)
15/09/2023 10:32:29 - 	uncaughtException: Expected options object to contain a 'url' string property in setFeedUrl call
Error: Expected options object to contain a 'url' string property in setFeedUrl call
    at AutoUpdater.setFeedURL (node:electron/js2c/browser_init:17:719)
    at Object.<anonymous> (C:\Users\FRONT-END\Desktop\GitHub Cleveriano\s3\s3-client\build\main.js:23:23)
    at Module._compile (node:internal/modules/cjs/loader:1116:14)
    at Object.Module._extensions..js (node:internal/modules/cjs/loader:1169:10)
    at Module.load (node:internal/modules/cjs/loader:988:32)
    at Module._load (node:internal/modules/cjs/loader:829:12)
    at Function.c._load (node:electron/js2c/asar_bundle:5:13331)
    at loadApplicationPackage (C:\Users\FRONT-END\Desktop\GitHub Cleveriano\s3\s3-client\node_modules\electron\dist\resources\default_app.asar\main.js:110:16)
    at Object.<anonymous> (C:\Users\FRONT-END\Desktop\GitHub Cleveriano\s3\s3-client\node_modules\electron\dist\resources\default_app.asar\main.js:222:9)
    at Module._compile (node:internal/modules/cjs/loader:1116:14)
15/09/2023 10:47:16 - 	uncaughtException: Can not find Squirrel
Error: Can not find Squirrel
    at AutoUpdater.checkForUpdates (node:electron/js2c/browser_init:17:1405)
    at App.<anonymous> (C:\Users\FRONT-END\Desktop\GitHub Cleveriano\s3\s3-client\build\main.js:27:25)
    at App.emit (node:events:394:28)
15/09/2023 11:06:50 - 	uncaughtException: Can not find Squirrel
Error: Can not find Squirrel
    at AutoUpdater.checkForUpdates (node:electron/js2c/browser_init:17:1405)
    at App.<anonymous> (C:\Users\FRONT-END\Desktop\GitHub Cleveriano\s3\s3-client\build\main.js:27:25)
    at App.emit (node:events:394:28)
15/09/2023 11:08:46 - 	uncaughtException: Can not find Squirrel
Error: Can not find Squirrel
    at AutoUpdater.checkForUpdates (node:electron/js2c/browser_init:17:1405)
    at App.<anonymous> (C:\Users\FRONT-END\Desktop\GitHub Cleveriano\s3\s3-client\build\main.js:27:25)
    at App.emit (node:events:394:28)
26/09/2023 11:42:38 - 	uncaughtException: Not running
Error [ERR_SOCKET_DGRAM_NOT_RUNNING]: Not running
    at new NodeError (node:internal/errors:371:5)
    at healthCheck (node:dgram:909:11)
    at Socket.close (node:dgram:741:3)
    at Socket.<anonymous> (C:\Users\FRONT-END\Desktop\GitHub Cleveriano\s3\s3-client\build\main.js:414:14)
    at Socket.emit (node:events:406:35)
    at UDP.onMessage [as onmessage] (node:dgram:931:8)
02/10/2023 09:50:39 - 	uncaughtException: Not running
Error [ERR_SOCKET_DGRAM_NOT_RUNNING]: Not running
    at new NodeError (node:internal/errors:371:5)
    at healthCheck (node:dgram:909:11)
    at Socket.close (node:dgram:741:3)
    at Socket.<anonymous> (C:\Users\FRONT-END\Desktop\GitHub Cleveriano\s3\s3-client\build\main.js:476:14)
    at Socket.emit (node:events:406:35)
    at UDP.onMessage [as onmessage] (node:dgram:931:8)
03/10/2023 12:00:35 - 	uncaughtException: url is not defined
ReferenceError: url is not defined
    at Object.<anonymous> (C:\Users\FRONT-END\Desktop\GitHub Cleveriano\s3\s3-client\build\main.js:29:56)
    at Module._compile (node:internal/modules/cjs/loader:1271:14)
    at Object..js (node:internal/modules/cjs/loader:1326:10)
    at Module.load (node:internal/modules/cjs/loader:1126:32)
    at node:internal/modules/cjs/loader:967:12
    at Function._load (node:electron/js2c/asar_bundle:2:13327)
    at loadApplicationPackage (C:\Users\FRONT-END\Desktop\GitHub Cleveriano\s3\s3-client\node_modules\electron\dist\resources\default_app.asar\main.js:121:16)
    at Object.<anonymous> (C:\Users\FRONT-END\Desktop\GitHub Cleveriano\s3\s3-client\node_modules\electron\dist\resources\default_app.asar\main.js:233:9)
    at Module._compile (node:internal/modules/cjs/loader:1271:14)
    at Object..js (node:internal/modules/cjs/loader:1326:10)
03/10/2023 12:15:42 - 	Error: Error: bind EADDRINUSE 0.0.0.0:6025
07/11/2023 16:20:19 - 	uncaughtException: Cannot read properties of undefined (reading 'webContents')
TypeError: Cannot read properties of undefined (reading 'webContents')
    at sumMyFilaList (C:\Users\FRONT-~1\AppData\Local\Temp\2WG56QJtkMxUHcEqOqfY7rRk8VO\resources\app.asar\build\main.js:108:9)
    at Socket.<anonymous> (C:\Users\FRONT-~1\AppData\Local\Temp\2WG56QJtkMxUHcEqOqfY7rRk8VO\resources\app.asar\build\main.js:97:14)
    at Socket.emit (node:events:513:28)
    at UDP.onMessage [as onmessage] (node:dgram:933:8)
